<?xml version="1.0" encoding="UTF-8"?>
<TestRun id="042df413-9d18-4092-b82e-73c213c34622" name="Juliën Hanssens@GX755-005 2012-02-13 15:21:50" runUser="GX755-005\Juliën Hanssens" xmlns="http://microsoft.com/schemas/VisualStudio/TeamTest/2010">
  <TestSettings name="Local" id="6eb931c3-cf25-4534-bcc5-ab683f4af19a">
    <Description>These are default test settings for a local test run.</Description>
    <Deployment runDeploymentRoot="Juliën Hanssens_GX755-005 2012-02-13 15_21_50">
      <DeploymentItem filename="C:\Users\Juliën Hanssens\Desktop\_MAANDAG\ConsoleApplication1\Seringe\bin\Debug\Seringe.dll" />
    </Deployment>
    <Execution>
      <TestTypeSpecific>
        <UnitTestRunConfig testTypeId="13cdc9d9-ddb5-4fa4-a97d-d965ccfc6d4b">
          <AssemblyResolution>
            <TestDirectory useLoadContext="true" />
          </AssemblyResolution>
        </UnitTestRunConfig>
        <WebTestRunConfiguration testTypeId="4e7599fa-5ecb-43e9-a887-cd63cf72d207">
          <Browser name="Internet Explorer 7.0">
            <Headers>
              <Header name="User-Agent" value="Mozilla/4.0 (compatible; MSIE 7.0; Windows NT 5.1)" />
              <Header name="Accept" value="*/*" />
              <Header name="Accept-Language" value="{{$IEAcceptLanguage}}" />
              <Header name="Accept-Encoding" value="GZIP" />
            </Headers>
          </Browser>
        </WebTestRunConfiguration>
      </TestTypeSpecific>
      <AgentRule name="LocalMachineDefaultRole">
        <DataCollectors>
          <DataCollector uri="datacollector://microsoft/CodeCoverage/1.0" assemblyQualifiedName="Microsoft.VisualStudio.TestTools.CodeCoverage.CoveragePlugIn, Microsoft.VisualStudio.QualityTools.Plugins.CodeCoverage, Version=10.0.0.0, Culture=neutral, PublicKeyToken=b03f5f7f11d50a3a" friendlyName="Code Coverage">
            <Configuration>
              <CodeCoverage xmlns="">
                <Regular>
                  <CodeCoverageItem binaryFile="C:\Users\Juliën Hanssens\Desktop\_MAANDAG\ConsoleApplication1\Seringe\bin\Debug\Seringe.dll" pdbFile="C:\Users\Juliën Hanssens\Desktop\_MAANDAG\ConsoleApplication1\Seringe\bin\Debug\Seringe.instr.pdb" instrumentInPlace="true" />
                </Regular>
              </CodeCoverage>
            </Configuration>
          </DataCollector>
        </DataCollectors>
      </AgentRule>
    </Execution>
  </TestSettings>
  <Times creation="2012-02-13T15:21:50.0243331+01:00" queuing="2012-02-13T15:21:50.6383559+01:00" start="2012-02-13T15:21:50.7213579+01:00" finish="2012-02-13T15:21:53.5854637+01:00" />
  <ResultSummary outcome="Completed">
    <Counters total="1" executed="1" passed="1" error="0" failed="0" timeout="0" aborted="0" inconclusive="0" passedButRunAborted="0" notRunnable="0" notExecuted="0" disconnected="0" warning="0" completed="0" inProgress="0" pending="0" />
    <ResultFiles>
      <ResultFile path="GX755-005\data.coverage" />
    </ResultFiles>
  </ResultSummary>
  <TestDefinitions>
    <UnitTest name="AnonymousSingletonRegistration" storage="c:\users\juliën hanssens\desktop\_maandag\consoleapplication1\seringe.tests\bin\debug\seringe.tests.dll" id="4fc73e0b-16ca-5de5-ae50-a84559c61d1f">
      <Execution id="fcebf019-09f4-488c-812a-bdc0a2366647" />
      <TestMethod codeBase="C:/Users/Juliën Hanssens/Desktop/_MAANDAG/ConsoleApplication1/Seringe.Tests/bin/Debug/Seringe.Tests.DLL" adapterTypeName="Microsoft.VisualStudio.TestTools.TestTypes.Unit.UnitTestAdapter, Microsoft.VisualStudio.QualityTools.Tips.UnitTest.Adapter, Version=10.0.0.0, Culture=neutral, PublicKeyToken=b03f5f7f11d50a3a" className="Seringe.Tests.SeringeContainerSingletonTests, Seringe.Tests, Version=1.0.0.0, Culture=neutral, PublicKeyToken=null" name="AnonymousSingletonRegistration" />
    </UnitTest>
  </TestDefinitions>
  <TestLists>
    <TestList name="Results Not in a List" id="8c84fa94-04c1-424b-9868-57a2d4851a1d" />
    <TestList name="All Loaded Results" id="19431567-8539-422a-85d7-44ee4e166bda" />
  </TestLists>
  <TestEntries>
    <TestEntry testId="4fc73e0b-16ca-5de5-ae50-a84559c61d1f" executionId="fcebf019-09f4-488c-812a-bdc0a2366647" testListId="8c84fa94-04c1-424b-9868-57a2d4851a1d" />
  </TestEntries>
  <Results>
    <UnitTestResult executionId="fcebf019-09f4-488c-812a-bdc0a2366647" testId="4fc73e0b-16ca-5de5-ae50-a84559c61d1f" testName="AnonymousSingletonRegistration" computerName="GX755-005" duration="00:00:00.0175117" startTime="2012-02-13T15:21:51.6824067+01:00" endTime="2012-02-13T15:21:51.9754213+01:00" testType="13cdc9d9-ddb5-4fa4-a97d-d965ccfc6d4b" outcome="Passed" testListId="8c84fa94-04c1-424b-9868-57a2d4851a1d" relativeResultsDirectory="fcebf019-09f4-488c-812a-bdc0a2366647">
    </UnitTestResult>
  </Results>
</TestRun>